--------------- Build Started: 10/23/2019 19:07:14 Project: CS301_Class, Configuration: ARM GCC 4.9-2015-q1-update Debug ---------------
The code generation step is up to date.
arm-none-eabi-gcc.exe -mcpu=cortex-m3 -mthumb -Wno-main -I. -IGenerated_Source\PSoC5 -Wa,-alh=.\CortexM3\ARM_GCC_493\Debug/main.lst -g -D DEBUG -Wall -ffunction-sections -O0 -ffat-lto-objects -c .\main.c -o .\CortexM3\ARM_GCC_493\Debug\main.o
In file included from .\BFS/map_addons.h:55:0,
                 from .\BFS/bfs.h:8,
                 from .\main.c:14:
.\BFS/helper.h: In function 'blockAndWait':
.\BFS/helper.h:9:10: warning: unused variable 'c' [-Wunused-variable]
     char c = getchar();
          ^
In file included from .\main.c:14:0:
.\BFS/bfs.h: In function 'BFS':
.\BFS/bfs.h:32:5: warning: missing braces around initializer [-Wmissing-braces]
     point paths[MAX_NUM_PATHS][MAX_PATH_LENGTH] = { 0 };
     ^
.\BFS/bfs.h:32:5: warning: (near initialization for 'paths[0]') [-Wmissing-braces]
.\BFS/bfs.h:33:5: warning: missing braces around initializer [-Wmissing-braces]
     point new_paths[MAX_NUM_PATHS][MAX_PATH_LENGTH] = { 0 };
     ^
.\BFS/bfs.h:33:5: warning: (near initialization for 'new_paths[0]') [-Wmissing-braces]
.\BFS/bfs.h: In function 'BFS_alternate':
.\BFS/bfs.h:135:5: warning: missing braces around initializer [-Wmissing-braces]
     point paths[MAX_NUM_PATHS][MAX_PATH_LENGTH] = { 0 };
     ^
.\BFS/bfs.h:135:5: warning: (near initialization for 'paths[0]') [-Wmissing-braces]
.\BFS/bfs.h:136:5: warning: missing braces around initializer [-Wmissing-braces]
     point new_paths[MAX_NUM_PATHS][MAX_PATH_LENGTH] = { 0 };
     ^
.\BFS/bfs.h:136:5: warning: (near initialization for 'new_paths[0]') [-Wmissing-braces]
.\BFS/bfs.h:137:5: warning: missing braces around initializer [-Wmissing-braces]
     point temp_path[MAX_PATH_LENGTH] = { 0 };
     ^
.\BFS/bfs.h:137:5: warning: (near initialization for 'temp_path[0]') [-Wmissing-braces]
In file included from .\main.c:15:0:
.\BFS/bfs_allpaths.h: In function 'getAllPath':
.\BFS/bfs_allpaths.h:126:9: warning: missing braces around initializer [-Wmissing-braces]
         point path[MAX_PATH_LENGTH] = { 0 };
         ^
.\BFS/bfs_allpaths.h:126:9: warning: (near initialization for 'path[0]') [-Wmissing-braces]
.\main.c: In function 'main':
.\main.c:193:5: warning: missing braces around initializer [-Wmissing-braces]
     point route[MAX_PATH_LENGTH] = { 0 };               //facing up; right; left
     ^
.\main.c:193:5: warning: (near initialization for 'route[0]') [-Wmissing-braces]
.\main.c: In function 'goStraightForBlock':
.\main.c:330:10: warning: unused variable 'buff' [-Wunused-variable]
     char buff[32];
          ^
.\main.c: In function 'getRouteToFood':
.\main.c:807:5: warning: missing braces around initializer [-Wmissing-braces]
     point locations[6] = { 0 };
     ^
.\main.c:807:5: warning: (near initialization for 'locations[0]') [-Wmissing-braces]
.\main.c:818:5: warning: missing braces around initializer [-Wmissing-braces]
     int clean_map[MAP_ROW][MAP_COL] = { 0 };
     ^
.\main.c:818:5: warning: (near initialization for 'clean_map[0]') [-Wmissing-braces]
.\main.c:846:9: warning: missing braces around initializer [-Wmissing-braces]
         point temp_path[MAX_PATH_LENGTH] = { 0 };
         ^
.\main.c:846:9: warning: (near initialization for 'temp_path[0]') [-Wmissing-braces]
arm-none-eabi-ar.exe -rs .\CortexM3\ARM_GCC_493\Debug\CS301_Class.a .\CortexM3\ARM_GCC_493\Debug\cyfitter_cfg.o .\CortexM3\ARM_GCC_493\Debug\A0.o .\CortexM3\ARM_GCC_493\Debug\ADC.o .\CortexM3\ARM_GCC_493\Debug\ADC_PM.o .\CortexM3\ARM_GCC_493\Debug\ADC_INT.o .\CortexM3\ARM_GCC_493\Debug\A1.o .\CortexM3\ARM_GCC_493\Debug\A2.o .\CortexM3\ARM_GCC_493\Debug\A3.o .\CortexM3\ARM_GCC_493\Debug\A4.o .\CortexM3\ARM_GCC_493\Debug\A5.o .\CortexM3\ARM_GCC_493\Debug\isr_TS.o .\CortexM3\ARM_GCC_493\Debug\Timer_TS.o .\CortexM3\ARM_GCC_493\Debug\Timer_TS_PM.o .\CortexM3\ARM_GCC_493\Debug\USBUART.o .\CortexM3\ARM_GCC_493\Debug\USBUART_audio.o .\CortexM3\ARM_GCC_493\Debug\USBUART_boot.o .\CortexM3\ARM_GCC_493\Debug\USBUART_cdc.o .\CortexM3\ARM_GCC_493\Debug\USBUART_cls.o .\CortexM3\ARM_GCC_493\Debug\USBUART_descr.o .\CortexM3\ARM_GCC_493\Debug\USBUART_drv.o .\CortexM3\ARM_GCC_493\Debug\USBUART_episr.o .\CortexM3\ARM_GCC_493\Debug\USBUART_hid.o .\CortexM3\ARM_GCC_493\Debug\USBUART_pm.o .\CortexM3\ARM_GCC_493\Debug\USBUART_std.o .\CortexM3\ARM_GCC_493\Debug\USBUART_vnd.o .\CortexM3\ARM_GCC_493\Debug\USBUART_midi.o .\CortexM3\ARM_GCC_493\Debug\USBUART_msc.o .\CortexM3\ARM_GCC_493\Debug\Clock2.o .\CortexM3\ARM_GCC_493\Debug\ADC_SAR.o .\CortexM3\ARM_GCC_493\Debug\ADC_SAR_INT.o .\CortexM3\ARM_GCC_493\Debug\ADC_SAR_PM.o .\CortexM3\ARM_GCC_493\Debug\ADC_IntClock.o .\CortexM3\ARM_GCC_493\Debug\ADC_TempBuf_dma.o .\CortexM3\ARM_GCC_493\Debug\ADC_FinalBuf_dma.o .\CortexM3\ARM_GCC_493\Debug\ADC_IRQ.o .\CortexM3\ARM_GCC_493\Debug\USBUART_Dm.o .\CortexM3\ARM_GCC_493\Debug\USBUART_Dp.o .\CortexM3\ARM_GCC_493\Debug\CyBootAsmGnu.o .\CortexM3\ARM_GCC_493\Debug\CyDmac.o .\CortexM3\ARM_GCC_493\Debug\CyFlash.o .\CortexM3\ARM_GCC_493\Debug\CyLib.o .\CortexM3\ARM_GCC_493\Debug\cyPm.o .\CortexM3\ARM_GCC_493\Debug\CySpc.o .\CortexM3\ARM_GCC_493\Debug\cyutils.o .\CortexM3\ARM_GCC_493\Debug\PWM_1.o .\CortexM3\ARM_GCC_493\Debug\PWM_1_PM.o .\CortexM3\ARM_GCC_493\Debug\Clock_PWM.o .\CortexM3\ARM_GCC_493\Debug\Clock_QENC.o .\CortexM3\ARM_GCC_493\Debug\M1_IN1.o .\CortexM3\ARM_GCC_493\Debug\M2_IN1.o .\CortexM3\ARM_GCC_493\Debug\M1_QA.o .\CortexM3\ARM_GCC_493\Debug\M1_QB.o .\CortexM3\ARM_GCC_493\Debug\M2_QA.o .\CortexM3\ARM_GCC_493\Debug\M2_QB.o .\CortexM3\ARM_GCC_493\Debug\isr_eoc.o .\CortexM3\ARM_GCC_493\Debug\PWM_2.o .\CortexM3\ARM_GCC_493\Debug\PWM_2_PM.o .\CortexM3\ARM_GCC_493\Debug\LED.o .\CortexM3\ARM_GCC_493\Debug\QuadDec_M1.o .\CortexM3\ARM_GCC_493\Debug\QuadDec_M1_PM.o .\CortexM3\ARM_GCC_493\Debug\QuadDec_M2.o .\CortexM3\ARM_GCC_493\Debug\QuadDec_M2_PM.o .\CortexM3\ARM_GCC_493\Debug\QuadDec_M1_Cnt16.o .\CortexM3\ARM_GCC_493\Debug\QuadDec_M1_Cnt16_PM.o .\CortexM3\ARM_GCC_493\Debug\QuadDec_M2_Cnt16.o .\CortexM3\ARM_GCC_493\Debug\QuadDec_M2_Cnt16_PM.o .\CortexM3\ARM_GCC_493\Debug\isrRF_TX.o .\CortexM3\ARM_GCC_493\Debug\isrRF_RX.o .\CortexM3\ARM_GCC_493\Debug\UART.o .\CortexM3\ARM_GCC_493\Debug\UART_PM.o .\CortexM3\ARM_GCC_493\Debug\UART_INT.o .\CortexM3\ARM_GCC_493\Debug\UART_BOOT.o .\CortexM3\ARM_GCC_493\Debug\UART_IntClock.o .\CortexM3\ARM_GCC_493\Debug\RF_BT_SELECT.o .\CortexM3\ARM_GCC_493\Debug\RF_BT_SELECT_PM.o .\CortexM3\ARM_GCC_493\Debug\INV2.o .\CortexM3\ARM_GCC_493\Debug\INV1.o .\CortexM3\ARM_GCC_493\Debug\isr_ADC_sample.o .\CortexM3\ARM_GCC_493\Debug\Timer_ADC_sample.o .\CortexM3\ARM_GCC_493\Debug\Timer_ADC_sample_PM.o .\CortexM3\ARM_GCC_493\Debug\Direction_Control.o .\CortexM3\ARM_GCC_493\Debug\Direction_Control_PM.o .\CortexM3\ARM_GCC_493\Debug\ADC_DEBUG.o
arm-none-eabi-ar.exe: creating .\CortexM3\ARM_GCC_493\Debug\CS301_Class.a
arm-none-eabi-gcc.exe -Wl,--start-group -o .\CortexM3\ARM_GCC_493\Debug\CS301_Class.elf .\CortexM3\ARM_GCC_493\Debug\main.o .\CortexM3\ARM_GCC_493\Debug\tacho.o .\CortexM3\ARM_GCC_493\Debug\cymetadata.o .\CortexM3\ARM_GCC_493\Debug\Cm3Start.o .\CortexM3\ARM_GCC_493\Debug\CS301_Class.a "C:\Program Files (x86)\Cypress\PSoC Creator\3.3\PSoC Creator\psoc\content\cycomponentlibrary\CyComponentLibrary.cylib\CortexM3\ARM_GCC_493\Debug\CyComponentLibrary.a" -mcpu=cortex-m3 -mthumb -g -ffunction-sections -O0 -ffat-lto-objects -L Generated_Source\PSoC5 -Wl,-Map,.\CortexM3\ARM_GCC_493\Debug/CS301_Class.map -T Generated_Source\PSoC5\cm3gcc.ld -specs=nano.specs -Wl,--gc-sections -Wl,--end-group
cyelftool.exe -C \\files.auckland.ac.nz\myhome\Desktop\Flik\CS301_Class.cyprj.Archive01-20190825T234813Z-001\CS301_Class.cyprj.Archive01\CS301_Class.cydsn\CortexM3\ARM_GCC_493\Debug\CS301_Class.elf --flash_row_size 256 --flash_size 262144
cyelftool.exe -S \\files.auckland.ac.nz\myhome\Desktop\Flik\CS301_Class.cyprj.Archive01-20190825T234813Z-001\CS301_Class.cyprj.Archive01\CS301_Class.cydsn\CortexM3\ARM_GCC_493\Debug\CS301_Class.elf
Flash used: 35328 of 262144 bytes (13.5%).
SRAM used: 4253 of 65536 bytes (6.5%). Stack: 2048 bytes. Heap: 128 bytes.
--------------- Build Succeeded: 10/23/2019 19:07:21 ---------------
