--------------- Build Started: 09/30/2019 13:32:35 Project: CS301_Class, Configuration: ARM GCC 4.9-2015-q1-update Debug ---------------
cydsfit.exe -.appdatapath "C:\Users\mmir415\AppData\Local\Cypress Semiconductor\PSoC Creator\3.3" -.fdsnotice -.fdswarpdepfile=warp_dependencies.txt -.fdselabdepfile=elab_dependencies.txt -.fdsbldfile=generated_files.txt -p "D:\TT2 Code - Second Edition\CS301_Class.cyprj.Archive01-20190825T234813Z-001\CS301_Class.cyprj.Archive01\CS301_Class.cydsn\CS301_Class.cyprj" -d CY8C5888LTI-LP097 -s "D:\TT2 Code - Second Edition\CS301_Class.cyprj.Archive01-20190825T234813Z-001\CS301_Class.cyprj.Archive01\CS301_Class.cydsn\Generated_Source\PSoC5" -- -yv2 -q10 -ygs -o2 -v3 -.fftcfgtype=LE
Elaborating Design...
ADD: sdb.M0065: information: Analog terminal "vdac_ref" on ADC_SAR_SEQ_v2_0 is unconnected.
 * C:\Program Files (x86)\Cypress\PSoC Creator\3.3\PSoC Creator\psoc\content\cycomponentlibrary\CyComponentLibrary.cylib\ADC_SAR_SEQ_v2_0\PSoC5\ADC_SAR_SEQ_v2_0.cysch (Signal: vdac_ref)
 * C:\Program Files (x86)\Cypress\PSoC Creator\3.3\PSoC Creator\psoc\content\cycomponentlibrary\CyComponentLibrary.cylib\ADC_SAR_SEQ_v2_0\PSoC5\ADC_SAR_SEQ_v2_0.cysch (Shape_798)
 * C:\Program Files (x86)\Cypress\PSoC Creator\3.3\PSoC Creator\psoc\content\cycomponentlibrary\CyComponentLibrary.cylib\ADC_SAR_SEQ_v2_0\PSoC5\ADC_SAR_SEQ_v2_0.cysch (Shape_885)
HDL Generation ...
Synthesis ...
Place and Route ...
Tech mapping ...
Analog Placement ...
Info: apr.M0002: Analog signal "Net_4354" is connected to one terminal only. (App=cydsfit)
Info: apr.M0002: Analog signal "Net_4355" is connected to one terminal only. (App=cydsfit)
Info: apr.M0002: Analog signal "Net_1503" is connected to one terminal only. (App=cydsfit)
Info: apr.M0002: Analog signal "Net_1504" is connected to one terminal only. (App=cydsfit)
Info: apr.M0002: Analog signal "Net_1506" is connected to one terminal only. (App=cydsfit)
Info: apr.M0002: Analog signal "Net_1508" is connected to one terminal only. (App=cydsfit)
Info: apr.M0002: Analog signal "Net_1509" is connected to one terminal only. (App=cydsfit)
Info: apr.M0002: Analog signal "Net_1511" is connected to one terminal only. (App=cydsfit)
Info: apr.M0002: Analog signal "Net_1513" is connected to one terminal only. (App=cydsfit)
Info: apr.M0002: Analog signal "Net_1514" is connected to one terminal only. (App=cydsfit)
Info: apr.M0002: Analog signal "Net_1516" is connected to one terminal only. (App=cydsfit)
Info: apr.M0002: Analog signal "Net_1518" is connected to one terminal only. (App=cydsfit)
Info: apr.M0002: Analog signal "Net_1519" is connected to one terminal only. (App=cydsfit)
Info: apr.M0002: Analog signal "Net_1521" is connected to one terminal only. (App=cydsfit)
Info: apr.M0002: Analog signal "Net_1523" is connected to one terminal only. (App=cydsfit)
Info: apr.M0002: Analog signal "Net_1524" is connected to one terminal only. (App=cydsfit)
Info: apr.M0002: Analog signal "Net_1526" is connected to one terminal only. (App=cydsfit)
Info: apr.M0002: Analog signal "Net_1528" is connected to one terminal only. (App=cydsfit)
Info: apr.M0002: Analog signal "Net_1529" is connected to one terminal only. (App=cydsfit)
Info: apr.M0002: Analog signal "Net_1531" is connected to one terminal only. (App=cydsfit)
Info: apr.M0002: Analog signal "Net_1533" is connected to one terminal only. (App=cydsfit)
Info: apr.M0002: Analog signal "Net_1534" is connected to one terminal only. (App=cydsfit)
Info: apr.M0002: Analog signal "Net_1536" is connected to one terminal only. (App=cydsfit)
Info: apr.M0002: Analog signal "Net_1538" is connected to one terminal only. (App=cydsfit)
Info: apr.M0002: Analog signal "Net_1539" is connected to one terminal only. (App=cydsfit)
Info: apr.M0002: Analog signal "Net_1541" is connected to one terminal only. (App=cydsfit)
Info: apr.M0002: Analog signal "Net_1543" is connected to one terminal only. (App=cydsfit)
Info: apr.M0002: Analog signal "Net_1544" is connected to one terminal only. (App=cydsfit)
Info: apr.M0002: Analog signal "Net_1546" is connected to one terminal only. (App=cydsfit)
Info: apr.M0002: Analog signal "Net_1548" is connected to one terminal only. (App=cydsfit)
Info: apr.M0002: Analog signal "Net_1549" is connected to one terminal only. (App=cydsfit)
Info: apr.M0002: Analog signal "Net_1551" is connected to one terminal only. (App=cydsfit)
Info: apr.M0002: Analog signal "Net_1553" is connected to one terminal only. (App=cydsfit)
Info: apr.M0002: Analog signal "Net_1554" is connected to one terminal only. (App=cydsfit)
Info: apr.M0002: Analog signal "Net_1556" is connected to one terminal only. (App=cydsfit)
Info: apr.M0002: Analog signal "Net_1558" is connected to one terminal only. (App=cydsfit)
Info: apr.M0002: Analog signal "Net_1559" is connected to one terminal only. (App=cydsfit)
Info: apr.M0002: Analog signal "Net_1561" is connected to one terminal only. (App=cydsfit)
Info: apr.M0002: Analog signal "Net_1563" is connected to one terminal only. (App=cydsfit)
Info: apr.M0002: Analog signal "Net_1564" is connected to one terminal only. (App=cydsfit)
Info: apr.M0002: Analog signal "Net_1566" is connected to one terminal only. (App=cydsfit)
Info: apr.M0002: Analog signal "Net_1568" is connected to one terminal only. (App=cydsfit)
Info: apr.M0002: Analog signal "Net_1569" is connected to one terminal only. (App=cydsfit)
Info: apr.M0002: Analog signal "Net_1570" is connected to one terminal only. (App=cydsfit)
Info: apr.M0002: Analog signal "Net_1571" is connected to one terminal only. (App=cydsfit)
Info: apr.M0002: Analog signal "Net_1572" is connected to one terminal only. (App=cydsfit)
Info: apr.M0002: Analog signal "Net_1573" is connected to one terminal only. (App=cydsfit)
Info: apr.M0002: Analog signal "Net_1574" is connected to one terminal only. (App=cydsfit)
Info: apr.M0002: Analog signal "Net_1575" is connected to one terminal only. (App=cydsfit)
Info: apr.M0002: Analog signal "Net_1576" is connected to one terminal only. (App=cydsfit)
Info: apr.M0002: Analog signal "Net_1577" is connected to one terminal only. (App=cydsfit)
Info: apr.M0002: Analog signal "Net_1578" is connected to one terminal only. (App=cydsfit)
Info: apr.M0002: Analog signal "Net_1579" is connected to one terminal only. (App=cydsfit)
Info: apr.M0002: Analog signal "Net_1580" is connected to one terminal only. (App=cydsfit)
Info: apr.M0002: Analog signal "Net_1581" is connected to one terminal only. (App=cydsfit)
Info: apr.M0002: Analog signal "Net_1582" is connected to one terminal only. (App=cydsfit)
Info: apr.M0002: Analog signal "Net_1583" is connected to one terminal only. (App=cydsfit)
Info: apr.M0002: Analog signal "Net_1584" is connected to one terminal only. (App=cydsfit)
Log: apr.M0058: The analog placement iterative improvement is 32% done. (App=cydsfit)
Log: apr.M0058: The analog placement iterative improvement is 94% done. (App=cydsfit)
Analog Routing ...
Analog Code Generation ...
Digital Placement ...
Digital Routing ...
Bitstream Generation ...
Static timing analysis ...
API Generation ...
Dependency Generation ...
Clean Temporary Files ...
--------------- Build Succeeded: 09/30/2019 13:32:54 ---------------
